2022-07-31 14:43:06,681 INFO  [ebanking] url opened 
2022-07-31 14:43:06,991 INFO  [ebanking] entered un 
2022-07-31 14:43:07,087 INFO  [ebanking] emtered pw 
2022-07-31 16:21:51,033 INFO  [ebanking] url opened 
2022-07-31 16:21:51,285 INFO  [ebanking] entered un 
2022-07-31 16:21:51,394 INFO  [ebanking] emtered pw 
2022-07-31 16:22:01,491 INFO  [ebanking] login test passed 
2022-07-31 16:25:52,853 INFO  [ebanking] url opened 
2022-07-31 16:25:53,049 INFO  [ebanking] entered un 
2022-07-31 16:25:53,176 INFO  [ebanking] emtered pw 
2022-07-31 16:25:57,903 INFO  [ebanking] login test passed 
2022-08-03 23:45:07,067 INFO  [ebanking] url opened 
2022-08-03 23:45:07,431 INFO  [ebanking] entered un 
2022-08-03 23:45:07,622 INFO  [ebanking] emtered pw 
2022-08-03 23:46:08,670 INFO  [ebanking] login test passed 
2022-08-07 10:29:11,051 INFO  [ebanking] url opened 
2022-08-07 10:29:11,673 INFO  [ebanking] entered un 
2022-08-07 10:29:11,784 INFO  [ebanking] emtered pw 
2022-08-07 10:29:57,696 INFO  [ebanking] login test passed 
2022-08-07 11:05:40,216 INFO  [ebanking] url opened 
2022-08-07 11:05:40,411 INFO  [ebanking] entered un 
2022-08-07 11:05:40,591 INFO  [ebanking] emtered pw 
2022-08-07 11:16:17,800 INFO  [ebanking] url opened 
2022-08-07 11:16:18,003 INFO  [ebanking] entered un 
2022-08-07 11:16:18,167 INFO  [ebanking] emtered pw 
2022-08-07 11:19:48,584 INFO  [ebanking] url opened 
2022-08-07 11:19:48,784 INFO  [ebanking] entered un 
2022-08-07 11:19:48,954 INFO  [ebanking] emtered pw 
2022-08-07 11:20:34,517 INFO  [ebanking] login test failled 
2022-08-07 11:22:31,652 INFO  [ebanking] url opened 
2022-08-07 11:22:32,066 INFO  [ebanking] entered un 
2022-08-07 11:22:32,195 INFO  [ebanking] emtered pw 
2022-08-07 13:24:58,210 INFO  [ebanking] url opened 
2022-08-07 13:24:58,664 INFO  [ebanking] entered un 
2022-08-07 13:24:58,760 INFO  [ebanking] emtered pw 
2022-08-08 22:17:22,549 INFO  [ebanking] url opened 
2022-08-08 22:17:22,861 INFO  [ebanking] entered un 
2022-08-08 22:17:23,006 INFO  [ebanking] emtered pw 
2022-08-10 11:11:35,421 INFO  [ebanking] url opened 
2022-08-10 11:11:35,709 INFO  [ebanking] entered un 
2022-08-10 11:11:35,854 INFO  [ebanking] emtered pw 
2022-08-10 11:14:56,664 INFO  [ebanking] url opened 
2022-08-10 11:14:56,895 INFO  [ebanking] entered un 
2022-08-10 11:14:57,080 INFO  [ebanking] emtered pw 
2022-08-10 12:18:32,948 INFO  [ebanking] url opened 
2022-08-10 12:18:33,361 INFO  [ebanking] entered un 
2022-08-10 12:18:33,484 INFO  [ebanking] emtered pw 
2022-08-10 12:20:53,863 INFO  [ebanking] url opened 
2022-08-10 12:20:54,087 INFO  [ebanking] entered un 
2022-08-10 12:20:54,228 INFO  [ebanking] emtered pw 
2022-08-10 12:24:11,228 INFO  [ebanking] url opened 
2022-08-10 12:24:11,462 INFO  [ebanking] entered un 
2022-08-10 12:24:11,606 INFO  [ebanking] emtered pw 
2022-08-10 12:25:46,827 INFO  [ebanking] url opened 
2022-08-10 12:25:47,044 INFO  [ebanking] entered un 
2022-08-10 12:25:47,188 INFO  [ebanking] emtered pw 
2022-08-10 12:39:41,509 INFO  [ebanking] url opened 
2022-08-10 12:39:41,955 INFO  [ebanking] entered un 
2022-08-10 12:39:42,093 INFO  [ebanking] emtered pw 
2022-08-10 12:41:54,461 INFO  [ebanking] url opened 
2022-08-10 12:41:54,650 INFO  [ebanking] entered un 
2022-08-10 12:41:54,784 INFO  [ebanking] emtered pw 
2022-08-10 12:48:39,378 INFO  [ebanking] url opened 
2022-08-10 12:48:39,573 INFO  [ebanking] entered un 
2022-08-10 12:48:39,706 INFO  [ebanking] emtered pw 
2022-08-10 13:07:01,889 INFO  [ebanking] url opened 
2022-08-10 13:07:02,120 INFO  [ebanking] entered un 
2022-08-10 13:07:02,259 INFO  [ebanking] emtered pw 
2022-08-10 13:11:41,066 INFO  [ebanking] url opened 
2022-08-10 13:11:41,267 INFO  [ebanking] entered un 
2022-08-10 13:11:41,410 INFO  [ebanking] emtered pw 
2022-08-10 13:13:26,190 INFO  [ebanking] url opened 
2022-08-10 13:13:26,380 INFO  [ebanking] entered un 
2022-08-10 13:13:26,521 INFO  [ebanking] emtered pw 
2022-08-10 13:17:51,820 INFO  [ebanking] url opened 
2022-08-10 13:17:52,129 INFO  [ebanking] entered un 
2022-08-10 13:17:52,319 INFO  [ebanking] emtered pw 
2022-08-10 13:20:45,086 INFO  [ebanking] url opened 
2022-08-10 13:20:45,271 INFO  [ebanking] entered un 
2022-08-10 13:20:45,417 INFO  [ebanking] emtered pw 
2022-08-10 13:24:13,381 INFO  [ebanking] url opened 
2022-08-10 13:24:13,567 INFO  [ebanking] entered un 
2022-08-10 13:24:13,700 INFO  [ebanking] emtered pw 
2022-08-10 13:26:10,632 INFO  [ebanking] url opened 
2022-08-10 13:26:10,873 INFO  [ebanking] entered un 
2022-08-10 13:26:11,013 INFO  [ebanking] emtered pw 
2022-08-14 12:49:57,305 INFO  [ebanking] url opened 
2022-08-14 12:49:57,622 INFO  [ebanking] entered un 
2022-08-14 12:49:58,094 INFO  [ebanking] emtered pw 
2022-08-14 12:50:19,788 INFO  [ebanking] click submit 
2022-08-14 12:50:19,798 INFO  [ebanking] login test passed 
2022-08-14 13:04:34,856 INFO  [ebanking] url opened 
2022-08-14 13:04:35,110 INFO  [ebanking] entered un 
2022-08-14 13:04:35,268 INFO  [ebanking] emtered pw 
2022-08-14 13:40:59,744 INFO  [ebanking] url opened 
2022-08-14 13:40:59,947 INFO  [ebanking] entered un 
2022-08-14 13:41:00,098 INFO  [ebanking] emtered pw 
2022-08-14 13:42:34,158 INFO  [ebanking] url opened 
2022-08-14 13:42:34,328 INFO  [ebanking] entered un 
2022-08-14 13:42:34,452 INFO  [ebanking] emtered pw 
2022-08-14 13:45:50,975 INFO  [ebanking] url opened 
2022-08-14 13:45:51,228 INFO  [ebanking] entered un 
2022-08-14 13:45:51,314 INFO  [ebanking] emtered pw 
2022-08-14 13:46:34,092 INFO  [ebanking] url opened 
2022-08-14 13:46:34,281 INFO  [ebanking] entered un 
2022-08-14 13:46:34,424 INFO  [ebanking] emtered pw 
2022-08-14 14:25:08,571 INFO  [ebanking] url opened 
2022-08-14 14:25:08,734 INFO  [ebanking] entered un 
2022-08-14 14:25:08,862 INFO  [ebanking] emtered pw 
2022-08-14 14:29:11,033 INFO  [ebanking] url opened 
2022-08-14 14:29:11,196 INFO  [ebanking] entered un 
2022-08-14 14:29:11,320 INFO  [ebanking] emtered pw 
2022-08-15 11:35:01,261 INFO  [ebanking] url opened 
2022-08-15 11:35:01,456 INFO  [ebanking] entered un 
2022-08-15 11:35:01,549 INFO  [ebanking] emtered pw 
2022-08-15 21:23:07,972 INFO  [ebanking] url opened 
2022-08-15 21:23:08,111 INFO  [ebanking] entered un 
2022-08-15 21:23:08,198 INFO  [ebanking] emtered pw 
2022-08-15 21:29:39,228 INFO  [ebanking] url opened 
2022-08-15 21:29:39,363 INFO  [ebanking] entered un 
2022-08-15 21:29:39,447 INFO  [ebanking] emtered pw 
2022-08-15 21:31:22,422 INFO  [ebanking] url opened 
2022-08-15 21:31:22,610 INFO  [ebanking] entered un 
2022-08-15 21:31:22,763 INFO  [ebanking] emtered pw 
2022-08-15 21:41:21,422 INFO  [ebanking] url opened 
2022-08-15 21:41:21,590 INFO  [ebanking] entered un 
2022-08-15 21:41:21,692 INFO  [ebanking] emtered pw 
2022-08-15 23:05:11,589 INFO  [ebanking] url opened 
2022-08-15 23:05:11,728 INFO  [ebanking] entered un 
2022-08-15 23:05:11,826 INFO  [ebanking] emtered pw 
2022-08-15 23:09:42,396 INFO  [ebanking] url opened 
2022-08-15 23:09:42,805 INFO  [ebanking] entered un 
2022-08-15 23:09:42,988 INFO  [ebanking] emtered pw 
2022-08-15 23:13:36,547 INFO  [ebanking] url opened 
2022-08-15 23:13:36,690 INFO  [ebanking] entered un 
2022-08-15 23:13:36,777 INFO  [ebanking] emtered pw 
